[debug] [2021-07-30T22:31:39.991Z] ----------------------------------------------------------------------
[debug] [2021-07-30T22:31:39.994Z] Command:       C:\Program Files\nodejs\node.exe C:\Users\root\AppData\Roaming\npm\node_modules\firebase-tools\lib\bin\firebase.js init
[debug] [2021-07-30T22:31:39.995Z] CLI Version:   9.16.0
[debug] [2021-07-30T22:31:39.995Z] Platform:      win32
[debug] [2021-07-30T22:31:39.995Z] Node Version:  v14.17.3
[debug] [2021-07-30T22:31:39.996Z] Time:          Sat Jul 31 2021 04:01:39 GMT+0530 (India Standard Time)
[debug] [2021-07-30T22:31:39.996Z] ----------------------------------------------------------------------
[debug] 
[debug] [2021-07-30T22:31:39.999Z] >>> [apiv2][query] GET https://firebase-public.firebaseio.com/cli.json [none]
[debug] [2021-07-30T22:31:40.030Z] > command requires scopes: ["email","openid","https://www.googleapis.com/auth/cloudplatformprojects.readonly","https://www.googleapis.com/auth/firebase","https://www.googleapis.com/auth/cloud-platform"]
[debug] [2021-07-30T22:31:40.030Z] > authorizing via signed-in user (kundansingh.sdev@gmail.com)
[info] 
     ######## #### ########  ######## ########     ###     ######  ########
     ##        ##  ##     ## ##       ##     ##  ##   ##  ##       ##
     ######    ##  ########  ######   ########  #########  ######  ######
     ##        ##  ##    ##  ##       ##     ## ##     ##       ## ##
     ##       #### ##     ## ######## ########  ##     ##  ######  ########

You're about to initialize a Firebase project in this directory:

  C:\Users\root\Documents\clone\twitter-clone

[debug] [2021-07-30T22:31:40.974Z] <<< [apiv2][status] GET https://firebase-public.firebaseio.com/cli.json 200
[debug] [2021-07-30T22:31:40.974Z] <<< [apiv2][body] GET https://firebase-public.firebaseio.com/cli.json {"cloudBuildErrorAfter":1594252800000,"cloudBuildWarnAfter":1590019200000,"defaultNode10After":1594252800000,"minVersion":"3.0.5","node8DeploysDisabledAfter":1613390400000,"node8RuntimeDisabledAfter":1615809600000,"node8WarnAfter":1600128000000}
